  Bullet.cpp
  BulletManager.cpp
  Enemy.cpp
  Game.cpp
  main.cpp
  Player.cpp
c:\users\joel\documents\github\vj\contra2d\contra2d\source\player.cpp(95): warning C4244: '=': conversión de 'int' a 'T'; posible pérdida de datos
          with
          [
              T=float
          ]
c:\users\joel\documents\github\vj\contra2d\contra2d\source\player.cpp(99): warning C4244: '=': conversión de 'int' a 'T'; posible pérdida de datos
          with
          [
              T=float
          ]
c:\users\joel\documents\github\vj\contra2d\contra2d\source\player.cpp(113): warning C4244: '=': conversión de 'T' a 'int'; posible pérdida de datos
          with
          [
              T=float
          ]
  Scene.cpp
  Shader.cpp
  ShaderProgram.cpp
  Sprite.cpp
  Texture.cpp
  TileMap.cpp
c:\users\joel\documents\github\vj\contra2d\contra2d\source\tilemap.cpp(205): warning C4244: '=': conversión de 'T' a 'int'; posible pérdida de datos
          with
          [
              T=float
          ]
c:\users\joel\documents\github\vj\contra2d\contra2d\source\tilemap.cpp(206): warning C4244: '=': conversión de 'T' a 'int'; posible pérdida de datos
          with
          [
              T=float
          ]
c:\users\joel\documents\github\vj\contra2d\contra2d\source\tilemap.cpp(207): warning C4244: '=': conversión de 'T' a 'int'; posible pérdida de datos
          with
          [
              T=float
          ]
c:\users\joel\documents\github\vj\contra2d\contra2d\source\tilemap.cpp(214): warning C4244: '=': conversión de 'T' a 'float'; posible pérdida de datos
          with
          [
              T=int
          ]
SOIL.lib(SOIL.obj) : warning LNK4075: se omite '/EDITANDCONTINUE' debido a la especificación '/OPT:ICF'
LINK : warning LNK4098: la biblioteca predeterminada'MSVCRTD' entra en conflicto con otras bibliotecas; use la biblioteca /NODEFAULTLIB:biblioteca
Scene.obj : error LNK2001: símbolo externo "public: void __thiscall SoundManager::playBGM(char const *)" (?playBGM@SoundManager@@QAEXPBD@Z) sin resolver
Scene.obj : error LNK2001: símbolo externo "public: __thiscall SoundManager::~SoundManager(void)" (??1SoundManager@@QAE@XZ) sin resolver
Scene.obj : error LNK2001: símbolo externo "public: __thiscall SoundManager::SoundManager(void)" (??0SoundManager@@QAE@XZ) sin resolver
C:\Users\Joel\Documents\GitHub\VJ\Contra2D\Release\Contra2D.exe : fatal error LNK1120: 3 externos sin resolver
