c:\users\joel\documents\github\vj\contra2d\contra2d\debug\vc141.pdb
c:\users\joel\documents\github\vj\contra2d\contra2d\debug\vc141.idb
c:\users\joel\documents\github\vj\contra2d\contra2d\debug\tilemap.obj
c:\users\joel\documents\github\vj\contra2d\contra2d\debug\texture.obj
c:\users\joel\documents\github\vj\contra2d\contra2d\debug\sprite.obj
c:\users\joel\documents\github\vj\contra2d\contra2d\debug\shaderprogram.obj
c:\users\joel\documents\github\vj\contra2d\contra2d\debug\shader.obj
c:\users\joel\documents\github\vj\contra2d\contra2d\debug\scene.obj
c:\users\joel\documents\github\vj\contra2d\contra2d\debug\player.obj
c:\users\joel\documents\github\vj\contra2d\contra2d\debug\main.obj
c:\users\joel\documents\github\vj\contra2d\contra2d\debug\game.obj
c:\users\joel\documents\github\vj\contra2d\contra2d\debug\enemy.obj
c:\users\joel\documents\github\vj\contra2d\contra2d\debug\bulletmanager.obj
c:\users\joel\documents\github\vj\contra2d\contra2d\debug\bullet.obj
c:\users\joel\documents\github\vj\contra2d\contra2d\debug\soundmanager.obj
c:\users\joel\documents\github\vj\contra2d\debug\contra2d.exe
c:\users\joel\documents\github\vj\contra2d\debug\contra2d.ilk
c:\users\joel\documents\github\vj\contra2d\debug\contra2d.pdb
c:\users\joel\documents\github\vj\contra2d\contra2d\debug\contra2d.tlog\cl.command.1.tlog
c:\users\joel\documents\github\vj\contra2d\contra2d\debug\contra2d.tlog\cl.read.1.tlog
c:\users\joel\documents\github\vj\contra2d\contra2d\debug\contra2d.tlog\cl.write.1.tlog
c:\users\joel\documents\github\vj\contra2d\contra2d\debug\contra2d.tlog\link.command.1.tlog
c:\users\joel\documents\github\vj\contra2d\contra2d\debug\contra2d.tlog\link.read.1.tlog
c:\users\joel\documents\github\vj\contra2d\contra2d\debug\contra2d.tlog\link.write.1.tlog
