  Bullet.cpp
  BulletManager.cpp
  Enemy.cpp
  Game.cpp
  main.cpp
  Player.cpp
c:\users\joel\documents\github\vj\contra2d\contra2d\source\player.cpp(98): warning C4244: '=': conversión de 'int' a 'T'; posible pérdida de datos
          with
          [
              T=float
          ]
c:\users\joel\documents\github\vj\contra2d\contra2d\source\player.cpp(102): warning C4244: '=': conversión de 'int' a 'T'; posible pérdida de datos
          with
          [
              T=float
          ]
c:\users\joel\documents\github\vj\contra2d\contra2d\source\player.cpp(116): warning C4244: '=': conversión de 'T' a 'int'; posible pérdida de datos
          with
          [
              T=float
          ]
  Scene.cpp
  Shader.cpp
  ShaderProgram.cpp
  SoundManager.cpp
  Sprite.cpp
  Texture.cpp
  TileMap.cpp
c:\users\joel\documents\github\vj\contra2d\contra2d\source\tilemap.cpp(205): warning C4244: '=': conversión de 'T' a 'int'; posible pérdida de datos
          with
          [
              T=float
          ]
c:\users\joel\documents\github\vj\contra2d\contra2d\source\tilemap.cpp(206): warning C4244: '=': conversión de 'T' a 'int'; posible pérdida de datos
          with
          [
              T=float
          ]
c:\users\joel\documents\github\vj\contra2d\contra2d\source\tilemap.cpp(207): warning C4244: '=': conversión de 'T' a 'int'; posible pérdida de datos
          with
          [
              T=float
          ]
c:\users\joel\documents\github\vj\contra2d\contra2d\source\tilemap.cpp(214): warning C4244: '=': conversión de 'T' a 'float'; posible pérdida de datos
          with
          [
              T=int
          ]
  Generando código...
SOIL.lib(image_DXT.obj) : warning LNK4099: no se encontró PDB 'vc100.pdb' con 'SOIL.lib(image_DXT.obj)' o en 'C:\Users\Joel\Documents\GitHub\VJ\Contra2D\Debug\vc100.pdb'; se vinculará el objeto sin tener en cuenta información de depuración
SOIL.lib(image_helper.obj) : warning LNK4099: no se encontró PDB 'vc100.pdb' con 'SOIL.lib(image_helper.obj)' o en 'C:\Users\Joel\Documents\GitHub\VJ\Contra2D\Debug\vc100.pdb'; se vinculará el objeto sin tener en cuenta información de depuración
SOIL.lib(SOIL.obj) : warning LNK4099: no se encontró PDB 'vc100.pdb' con 'SOIL.lib(SOIL.obj)' o en 'C:\Users\Joel\Documents\GitHub\VJ\Contra2D\Debug\vc100.pdb'; se vinculará el objeto sin tener en cuenta información de depuración
SOIL.lib(stb_image_aug.obj) : warning LNK4099: no se encontró PDB 'vc100.pdb' con 'SOIL.lib(stb_image_aug.obj)' o en 'C:\Users\Joel\Documents\GitHub\VJ\Contra2D\Debug\vc100.pdb'; se vinculará el objeto sin tener en cuenta información de depuración
  Contra2D.vcxproj -> C:\Users\Joel\Documents\GitHub\VJ\Contra2D\Debug\Contra2D.exe
